2021/03/02 15:52:33 普通用户 ： test 开始上传申请。
2021/03/02 15:52:44 test 上传了文件 未命名文件 (1).png
2021/03/02 15:52:44 【错误代码： 1 】 普通用户 ： test 上传申请失败，失败原因： 上传的不是PDF文件！
2021/03/02 15:55:11 【错误代码：8】 用户 test 正在重复登录，被驳回。
2021/03/02 15:55:12 普通用户 ： test  正在访问主页。
2021/03/02 15:55:16 普通用户 ： test 开始上传申请。
2021/03/02 15:55:21 test 上传了文件 未命名文件.png
2021/03/02 15:55:21 【错误代码： 1 】 普通用户 ： test 上传申请失败，失败原因： 上传的不是PDF文件！
2021/03/02 15:55:22 普通用户 ： test 开始上传申请。
2021/03/02 15:56:32 test 上传了文件 example.pdf
2021/03/02 15:56:32 【错误代码： 5 】 普通用户 ： test 上传申请失败，失败原因： 验证码验证失败！请检查上传的字符串中是否包含空格；生成验证码时是否输入正确。若确认无误但多次出现该错误信息，请留意您的网络环境！
2021/03/02 15:56:36 普通用户 ： test 开始上传申请。
2021/03/02 15:57:39 test 上传了文件 example.pdf
2021/03/02 15:57:39 普通用户 ： test 成功提交了文件哈希值为 0a6af9508849c1b922771b241b5c95808ef7761587e4000e36b1477819491d0f 的申请。
2021/03/02 15:59:55 【错误代码：8】 用户 test 正在重复登录，被驳回。
2021/03/02 15:59:56 普通用户 ： test  正在访问主页。
2021/03/02 15:59:59 用户 test 正在退出登录。
2021/03/02 16:00:00 用户 test 现已离线。
2021/03/02 16:00:01 未登录 ： 未登录  正在访问主页。
2021/03/02 16:00:04 有用户即将登录。
2021/03/02 16:00:18 【错误代码：101】 权力机构用户： 19120246@auth  账号密码不匹配，登录失败！
2021/03/02 16:00:21 有用户即将登录。
2021/03/02 16:00:48 【错误代码：101】 权力机构用户： 19120246@auth  账号密码不匹配，登录失败！
2021/03/02 16:00:49 有用户即将登录。
2021/03/02 16:01:03 权力机构用户： 19120246@auth  登录成功！
2021/03/02 16:01:03 权力机构用户 ： 19120246@auth  正在访问主页。
2021/03/02 16:01:07 权力机构用户 ： 19120246@auth 正在进行查询审核记录操作。
2021/03/02 16:01:12 权力机构用户 ： 19120246@auth 正在进行查询待审核列表操作。
2021/03/02 16:03:59 【错误代码：8】 用户 19120246@auth 正在重复登录，被驳回。
2021/03/02 16:04:00 权力机构用户 ： 19120246@auth  正在访问主页。
2021/03/02 16:04:04 权力机构用户 ： 19120246@auth 正在进行查询待审核列表操作。
2021/03/02 16:04:10 权力机构用户 ： 19120246@auth 开始审核第 1614671858983637700 号申请。
2021/03/02 16:08:00 未登录 ： 未登录  正在访问主页。
2021/03/02 16:08:01 有用户即将登录。
2021/03/02 16:08:08 普通用户： test  登录成功！
2021/03/02 16:08:08 普通用户 ： test  正在访问主页。
2021/03/02 16:08:11 普通用户 ： test 正在进行查询上传记录操作。
2021/03/02 16:08:31 普通用户 ： test 正在进行查询上传记录操作。
2021/03/02 16:12:14 有用户即将登录。
2021/03/02 16:12:26 权力机构用户： 19120246@auth  登录成功！
2021/03/02 16:12:26 权力机构用户 ： 19120246@auth  正在访问主页。
2021/03/02 16:12:27 权力机构用户 ： 19120246@auth 正在进行查询待审核列表操作。
2021/03/02 16:12:30 权力机构用户 ： 19120246@auth 开始审核第 1614671858983637700  号申请。
2021/03/02 16:12:37 权力机构用户 ： 19120246@auth 正在审核第 1614671858983637700  号申请。
2021/03/02 16:12:43 权力机构用户 ： 19120246@auth 正在进行查询待审核列表操作。
2021/03/02 16:12:47 普通用户 ： test 正在进行查询上传记录操作。
2021/03/02 16:13:08 普通用户 ： test 正在读取区块链。
2021/03/02 16:16:20 【错误代码：8】 用户 19120246@auth 正在重复登录，被驳回。
2021/03/02 16:16:21 权力机构用户 ： 19120246@auth  正在访问主页。
2021/03/02 16:16:22 权力机构用户 ： 19120246@auth 正在进行查询审核记录操作。
